<beans xmlns="http://www.springframework.org/schema/beans"
	xmlns:p="http://www.springframework.org/schema/p" xmlns:tx="http://www.springframework.org/schema/tx"
	xmlns:context="http://www.springframework.org/schema/context"
    xmlns:jee="http://www.springframework.org/schema/jee"
	xmlns:xsi="http://www.w3.org/2001/XMLSchema-instance"	
	xmlns:jdbc="http://www.springframework.org/schema/jdbc"
	xsi:schemaLocation="http://www.springframework.org/schema/beans
			http://www.springframework.org/schema/beans/spring-beans-4.0.xsd
			http://www.springframework.org/schema/tx
			http://www.springframework.org/schema/tx/spring-tx-4.0.xsd
			http://www.springframework.org/schema/context
			http://www.springframework.org/schema/context/spring-context-4.0.xsd
	        http://www.springframework.org/schema/jee
            http://www.springframework.org/schema/jee/spring-jee-4.0.xsd
            http://www.springframework.org/schema/jdbc 
            http://www.springframework.org/schema/jdbc/spring-jdbc-3.0.xsd">

	<!--  SERVICE components  -->
	<import resource="classpath:spring-service-context.xml"/>
	<import resource="classpath:spring-dao-context.xml"/>
    
    <!-- Embedded database Configuration -->
	<jdbc:embedded-database id="dataSource" type="HSQL">
		<jdbc:script location="classpath:test-service-schema.sql" />	      
	</jdbc:embedded-database> 
      
	<bean id="dataSource"     class="org.springframework.jdbc.datasource.DriverManagerDataSource">
		<property name="driverClassName" value="org.hsqldb.jdbcDriver" />
        <property name="url" value="jdbc:hsqldb:mem://basedb" />
        <property name="username" value="sa" />
        <property name="password" value="" />
    </bean> 
    
    <!-- EntityManager -->
    
    <bean id="entityManagerFactory"   class="org.springframework.orm.jpa.LocalContainerEntityManagerFactoryBean">
     	<property name="dataSource" ref="dataSource" />      	
		<property name="packagesToScan" value="com.base.project.model" />       
	    <property name="jpaVendorAdapter">
	        <bean class="org.springframework.orm.jpa.vendor.HibernateJpaVendorAdapter">
	            <property name="databasePlatform" value="org.hibernate.dialect.HSQLDialect"/>
	            <property name="showSql" value="true" />	           
	        </bean>
	    </property>
     	 <property name="jpaProperties">
			<props>
				<prop key="hibernate.hbm2ddl.auto">create-drop</prop>
				<!-- <prop key="hibernate.dialect">${hibernate.dialect}</prop> -->
				<!-- <prop key="hibernate.show_sql">${hibernate.show_sql}</prop> -->
				<!-- <prop key="javax.persistence.schema-generation.database.action">drop-and-create</prop> -->
				<prop key="hibernate.id.new_generator_mappings">false</prop>
			
			</props>
		</property>
	</bean> 

	
</beans>